TN:
SF:src/index.js
FNF:0
FNH:0
DA:1,1
DA:2,1
DA:3,1
DA:4,1
DA:5,1
DA:7,1
DA:8,1
DA:10,1
DA:11,1
DA:13,1
DA:15,1
DA:17,1
DA:19,1
LF:13
LH:13
BRF:0
BRH:0
end_of_record
TN:
SF:src/controllers/welcome.js
FNF:0
FNH:0
DA:1,1
DA:2,1
DA:18,1
LF:3
LH:3
BRF:0
BRH:0
end_of_record
TN:
SF:src/documentation/docs.js
FNF:0
FNH:0
DA:1,1
DA:2,1
DA:3,1
DA:5,1
DA:7,1
DA:31,1
DA:33,1
DA:39,1
LF:8
LH:8
BRF:0
BRH:0
end_of_record
TN:
SF:src/routes/index.js
FN:40,(anonymous_1)
FNF:1
FNH:1
FNDA:1,(anonymous_1)
DA:1,1
DA:2,1
DA:3,1
DA:4,1
DA:6,1
DA:38,1
DA:39,1
DA:40,1
DA:42,1
LF:9
LH:9
BRF:0
BRH:0
end_of_record
TN:
SF:src/utils/errorHandler.js
FN:1,_default
FNF:1
FNH:1
FNDA:1,_default
DA:1,1
DA:2,1
LF:2
LH:2
BRF:0
BRH:0
end_of_record
TN:
SF:src/utils/successHandler.js
FN:1,_default
FNF:1
FNH:1
FNDA:1,_default
DA:1,1
DA:2,1
LF:2
LH:2
BRF:0
BRH:0
end_of_record
